<?xml version="1.0"?><coverage lines-covered="324" lines-valid="523" line-rate="0.6195028680688337" branches-covered="0" branches-valid="0" branch-rate="0" complexity="0" version="1.9" timestamp="1748379424"><sources><source>/Users/d4mr/work/thirdweb/engine-core</source></sources><packages><package name="executors/src/webhook" line-rate="0" branch-rate="0" complexity="0"><classes></classes></package><package name="twmq/src" line-rate="0.5055555555555555" branch-rate="0" complexity="0"><classes><class name="hooks" filename="twmq/src/hooks.rs" line-rate="0.2857142857142857" branch-rate="0" complexity="0"><methods/><lines><line number="16" hits="29"/><line number="24" hits="37"/><line number="25" hits="37"/><line number="29" hits="0"/><line number="30" hits="0"/><line number="34" hits="1"/><line number="49" hits="1"/><line number="50" hits="1"/><line number="53" hits="2"/><line number="56" hits="0"/><line number="58" hits="0"/><line number="59" hits="0"/><line number="60" hits="0"/><line number="63" hits="0"/><line number="64" hits="0"/><line number="65" hits="0"/><line number="67" hits="0"/><line number="70" hits="0"/><line number="71" hits="0"/><line number="72" hits="0"/><line number="76" hits="0"/><line number="78" hits="0"/><line number="79" hits="0"/><line number="80" hits="0"/><line number="82" hits="0"/><line number="83" hits="0"/><line number="84" hits="0"/><line number="86" hits="0"/><line number="89" hits="0"/><line number="90" hits="0"/><line number="91" hits="0"/><line number="94" hits="1"/><line number="95" hits="1"/><line number="96" hits="1"/><line number="100" hits="0"/></lines></class><class name="job" filename="twmq/src/job.rs" line-rate="0.5517241379310345" branch-rate="0" complexity="0"><methods/><lines><line number="16" hits="16"/><line number="17" hits="16"/><line number="18" hits="1"/><line number="19" hits="15"/><line number="27" hits="0"/><line number="28" hits="0"/><line number="29" hits="0"/><line number="30" hits="0"/><line number="31" hits="0"/><line number="68" hits="16"/><line number="69" hits="16"/><line number="72" hits="0"/><line number="73" hits="0"/><line number="119" hits="16"/><line number="122" hits="16"/><line number="128" hits="0"/><line number="129" hits="0"/><line number="130" hits="0"/><line number="134" hits="0"/><line number="135" hits="0"/><line number="136" hits="0"/><line number="168" hits="30"/><line number="169" hits="15"/><line number="172" hits="15"/><line number="173" hits="15"/><line number="174" hits="15"/><line number="177" hits="3"/><line number="178" hits="3"/><line number="179" hits="3"/></lines></class><class name="lib" filename="twmq/src/lib.rs" line-rate="0.5221843003412969" branch-rate="0" complexity="0"><methods/><lines><line number="52" hits="0"/><line number="59" hits="0"/><line number="62" hits="0"/><line number="69" hits="0"/><line number="72" hits="0"/><line number="79" hits="0"/><line number="82" hits="0"/><line number="86" hits="0"/><line number="123" hits="13"/><line number="130" hits="26"/><line number="131" hits="13"/><line number="135" hits="0"/><line number="137" hits="0"/><line number="142" hits="0"/><line number="145" hits="16"/><line number="147" hits="16"/><line number="153" hits="589"/><line number="154" hits="589"/><line number="157" hits="296"/><line number="158" hits="296"/><line number="161" hits="288"/><line number="162" hits="288"/><line number="165" hits="271"/><line number="166" hits="271"/><line number="169" hits="46"/><line number="170" hits="46"/><line number="173" hits="0"/><line number="174" hits="0"/><line number="177" hits="288"/><line number="178" hits="288"/><line number="181" hits="38"/><line number="182" hits="38"/><line number="185" hits="16"/><line number="186" hits="16"/><line number="189" hits="29"/><line number="190" hits="29"/><line number="193" hits="17"/><line number="194" hits="17"/><line number="197" hits="32"/><line number="247" hits="16"/><line number="248" hits="16"/><line number="253" hits="16"/><line number="254" hits="16"/><line number="261" hits="32"/><line number="263" hits="0"/><line number="264" hits="0"/><line number="265" hits="0"/><line number="268" hits="0"/><line number="269" hits="0"/><line number="271" hits="16"/><line number="272" hits="0"/><line number="273" hits="0"/><line number="274" hits="0"/><line number="275" hits="0"/><line number="276" hits="0"/><line number="277" hits="0"/><line number="278" hits="0"/><line number="279" hits="0"/><line number="280" hits="0"/><line number="281" hits="0"/><line number="282" hits="0"/><line number="283" hits="0"/><line number="284" hits="0"/><line number="287" hits="0"/><line number="290" hits="14"/><line number="291" hits="7"/><line number="292" hits="14"/><line number="294" hits="7"/><line number="295" hits="7"/><line number="298" hits="7"/><line number="299" hits="0"/><line number="301" hits="0"/><line number="303" hits="7"/><line number="305" hits="0"/><line number="307" hits="7"/><line number="309" hits="0"/><line number="310" hits="7"/><line number="311" hits="6"/><line number="314" hits="0"/><line number="315" hits="0"/><line number="316" hits="0"/><line number="317" hits="0"/><line number="318" hits="0"/><line number="319" hits="0"/><line number="320" hits="0"/><line number="323" hits="0"/><line number="327" hits="88"/><line number="328" hits="44"/><line number="330" hits="88"/><line number="331" hits="0"/><line number="332" hits="24"/><line number="333" hits="0"/><line number="335" hits="0"/><line number="336" hits="16"/><line number="337" hits="0"/><line number="339" hits="0"/><line number="340" hits="8"/><line number="341" hits="0"/><line number="343" hits="0"/><line number="344" hits="40"/><line number="345" hits="0"/><line number="347" hits="0"/><line number="348" hits="0"/><line number="349" hits="0"/><line number="353" hits="0"/><line number="356" hits="26"/><line number="358" hits="13"/><line number="361" hits="26"/><line number="362" hits="13"/><line number="364" hits="0"/><line number="365" hits="264"/><line number="368" hits="251"/><line number="369" hits="339"/><line number="370" hits="0"/><line number="371" hits="0"/><line number="374" hits="382"/><line number="376" hits="0"/><line number="377" hits="251"/><line number="378" hits="382"/><line number="379" hits="317"/><line number="380" hits="33"/><line number="381" hits="0"/><line number="382" hits="0"/><line number="383" hits="0"/><line number="385" hits="33"/><line number="387" hits="62"/><line number="391" hits="29"/><line number="392" hits="13"/><line number="394" hits="13"/><line number="395" hits="13"/><line number="398" hits="13"/><line number="399" hits="13"/><line number="400" hits="13"/><line number="403" hits="13"/><line number="404" hits="13"/><line number="408" hits="13"/><line number="411" hits="13"/><line number="412" hits="13"/><line number="413" hits="13"/><line number="414" hits="13"/><line number="415" hits="13"/><line number="417" hits="13"/><line number="419" hits="0"/><line number="420" hits="0"/><line number="421" hits="0"/><line number="422" hits="0"/><line number="426" hits="0"/><line number="427" hits="16"/><line number="428" hits="16"/><line number="429" hits="16"/><line number="430" hits="16"/><line number="432" hits="16"/><line number="433" hits="16"/><line number="436" hits="16"/><line number="437" hits="16"/><line number="438" hits="16"/><line number="441" hits="16"/><line number="442" hits="16"/><line number="443" hits="16"/><line number="444" hits="16"/><line number="448" hits="16"/><line number="449" hits="16"/><line number="450" hits="16"/><line number="453" hits="16"/><line number="454" hits="16"/><line number="455" hits="16"/><line number="456" hits="16"/><line number="457" hits="16"/><line number="458" hits="16"/><line number="459" hits="16"/><line number="461" hits="16"/><line number="463" hits="0"/><line number="464" hits="0"/><line number="465" hits="0"/><line number="466" hits="0"/><line number="470" hits="0"/><line number="472" hits="0"/><line number="473" hits="0"/><line number="476" hits="0"/><line number="477" hits="0"/><line number="478" hits="0"/><line number="481" hits="0"/><line number="482" hits="0"/><line number="486" hits="0"/><line number="489" hits="0"/><line number="490" hits="0"/><line number="491" hits="0"/><line number="493" hits="0"/><line number="494" hits="0"/><line number="495" hits="0"/><line number="496" hits="0"/><line number="503" hits="29"/><line number="504" hits="29"/><line number="507" hits="0"/><line number="509" hits="0"/><line number="510" hits="0"/><line number="516" hits="13"/><line number="520" hits="502"/><line number="629" hits="251"/><line number="630" hits="251"/><line number="634" hits="502"/><line number="635" hits="251"/><line number="636" hits="251"/><line number="637" hits="251"/><line number="638" hits="251"/><line number="639" hits="251"/><line number="640" hits="251"/><line number="641" hits="251"/><line number="642" hits="251"/><line number="643" hits="251"/><line number="644" hits="251"/><line number="646" hits="0"/><line number="647" hits="33"/><line number="648" hits="284"/><line number="650" hits="0"/><line number="651" hits="33"/><line number="652" hits="33"/><line number="653" hits="33"/><line number="654" hits="33"/><line number="656" hits="33"/><line number="657" hits="33"/><line number="658" hits="33"/><line number="659" hits="33"/><line number="660" hits="33"/><line number="661" hits="33"/><line number="662" hits="33"/><line number="665" hits="0"/><line number="667" hits="0"/><line number="668" hits="0"/><line number="669" hits="0"/><line number="670" hits="0"/><line number="677" hits="0"/><line number="680" hits="13"/><line number="686" hits="13"/><line number="687" hits="13"/><line number="692" hits="13"/><line number="693" hits="13"/><line number="694" hits="13"/><line number="696" hits="13"/><line number="698" hits="26"/><line number="699" hits="0"/><line number="702" hits="0"/><line number="731" hits="13"/><line number="732" hits="0"/><line number="733" hits="0"/><line number="734" hits="0"/><line number="735" hits="0"/><line number="736" hits="0"/><line number="737" hits="0"/><line number="738" hits="0"/><line number="740" hits="0"/><line number="743" hits="16"/><line number="751" hits="16"/><line number="752" hits="16"/><line number="757" hits="16"/><line number="760" hits="16"/><line number="762" hits="16"/><line number="766" hits="32"/><line number="768" hits="0"/><line number="771" hits="0"/><line number="772" hits="0"/><line number="775" hits="0"/><line number="777" hits="0"/><line number="779" hits="0"/><line number="781" hits="0"/><line number="783" hits="0"/><line number="785" hits="16"/><line number="786" hits="0"/><line number="787" hits="0"/><line number="789" hits="16"/><line number="790" hits="16"/><line number="796" hits="0"/><line number="798" hits="16"/><line number="801" hits="0"/><line number="807" hits="0"/><line number="808" hits="0"/><line number="813" hits="0"/><line number="814" hits="0"/><line number="815" hits="0"/><line number="817" hits="0"/><line number="821" hits="0"/><line number="823" hits="0"/><line number="826" hits="0"/><line number="828" hits="0"/><line number="829" hits="0"/><line number="857" hits="0"/><line number="858" hits="0"/><line number="859" hits="0"/><line number="860" hits="0"/><line number="861" hits="0"/><line number="862" hits="0"/><line number="863" hits="0"/><line number="865" hits="0"/></lines></class><class name="queue" filename="twmq/src/queue.rs" line-rate="1" branch-rate="0" complexity="0"><methods/><lines><line number="20" hits="10"/><line number="25" hits="10"/><line number="26" hits="10"/></lines></class></classes></package><package name="twmq/tests" line-rate="0.8711656441717791" branch-rate="0" complexity="0"><classes><class name="basic" filename="twmq/tests/basic.rs" line-rate="1" branch-rate="0" complexity="0"><methods/><lines><line number="19" hits="4"/><line number="20" hits="2"/><line number="21" hits="2"/><line number="23" hits="4"/><line number="24" hits="2"/><line number="25" hits="2"/><line number="26" hits="2"/><line number="28" hits="2"/><line number="29" hits="1"/><line number="30" hits="1"/><line number="31" hits="1"/><line number="32" hits="1"/><line number="35" hits="2"/></lines></class><class name="basic_hook" filename="twmq/tests/basic_hook.rs" line-rate="0.9512195121951219" branch-rate="0" complexity="0"><methods/><lines><line number="24" hits="8"/><line number="25" hits="4"/><line number="26" hits="4"/><line number="28" hits="8"/><line number="29" hits="4"/><line number="30" hits="4"/><line number="31" hits="4"/><line number="33" hits="4"/><line number="34" hits="2"/><line number="35" hits="2"/><line number="36" hits="2"/><line number="37" hits="2"/><line number="40" hits="4"/><line number="82" hits="1"/><line number="86" hits="1"/><line number="87" hits="1"/><line number="89" hits="1"/><line number="91" hits="1"/><line number="92" hits="1"/><line number="96" hits="1"/><line number="103" hits="1"/><line number="106" hits="1"/><line number="107" hits="1"/><line number="108" hits="1"/><line number="112" hits="1"/><line number="114" hits="1"/><line number="116" hits="1"/><line number="117" hits="0"/><line number="119" hits="2"/><line number="129" hits="1"/><line number="133" hits="1"/><line number="134" hits="1"/><line number="135" hits="1"/><line number="137" hits="1"/><line number="140" hits="1"/><line number="141" hits="1"/><line number="142" hits="1"/><line number="146" hits="1"/><line number="153" hits="1"/><line number="154" hits="1"/><line number="159" hits="0"/></lines></class><class name="delay" filename="twmq/tests/delay.rs" line-rate="0.9375" branch-rate="0" complexity="0"><methods/><lines><line number="21" hits="8"/><line number="22" hits="4"/><line number="23" hits="4"/><line number="24" hits="8"/><line number="25" hits="4"/><line number="26" hits="4"/><line number="27" hits="4"/><line number="29" hits="4"/><line number="30" hits="2"/><line number="31" hits="2"/><line number="32" hits="2"/><line number="33" hits="2"/><line number="36" hits="6"/><line number="65" hits="4"/><line number="69" hits="4"/><line number="70" hits="4"/><line number="73" hits="4"/><line number="75" hits="4"/><line number="76" hits="1"/><line number="82" hits="4"/><line number="83" hits="4"/><line number="84" hits="4"/><line number="85" hits="4"/><line number="86" hits="4"/><line number="88" hits="4"/><line number="92" hits="4"/><line number="99" hits="5"/><line number="102" hits="4"/><line number="105" hits="4"/><line number="106" hits="4"/><line number="109" hits="0"/><line number="110" hits="0"/></lines></class><class name="fixtures" filename="twmq/tests/fixtures.rs" line-rate="1" branch-rate="0" complexity="0"><methods/><lines><line number="50" hits="1"/><line number="54" hits="1"/><line number="55" hits="1"/><line number="56" hits="1"/><line number="59" hits="1"/><line number="60" hits="1"/><line number="61" hits="1"/><line number="62" hits="1"/><line number="66" hits="1"/><line number="73" hits="1"/><line number="74" hits="1"/></lines></class><class name="lease_expiry" filename="twmq/tests/lease_expiry.rs" line-rate="0.6333333333333333" branch-rate="0" complexity="0"><methods/><lines><line number="21" hits="8"/><line number="22" hits="4"/><line number="23" hits="4"/><line number="24" hits="8"/><line number="25" hits="4"/><line number="26" hits="4"/><line number="27" hits="4"/><line number="29" hits="4"/><line number="30" hits="2"/><line number="31" hits="2"/><line number="32" hits="2"/><line number="33" hits="2"/><line number="36" hits="8"/><line number="70" hits="4"/><line number="74" hits="4"/><line number="75" hits="4"/><line number="81" hits="4"/><line number="84" hits="158"/><line number="85" hits="158"/><line number="88" hits="0"/><line number="95" hits="0"/><line number="102" hits="0"/><line number="105" hits="0"/><line number="112" hits="0"/><line number="113" hits="0"/><line number="114" hits="0"/><line number="118" hits="0"/><line number="125" hits="0"/><line number="128" hits="0"/><line number="129" hits="0"/></lines></class><class name="nack" filename="twmq/tests/nack.rs" line-rate="0.8333333333333334" branch-rate="0" complexity="0"><methods/><lines><line number="24" hits="24"/><line number="25" hits="12"/><line number="26" hits="12"/><line number="27" hits="24"/><line number="28" hits="12"/><line number="29" hits="12"/><line number="30" hits="12"/><line number="32" hits="12"/><line number="33" hits="6"/><line number="34" hits="6"/><line number="35" hits="6"/><line number="36" hits="6"/><line number="39" hits="14"/><line number="68" hits="22"/><line number="72" hits="22"/><line number="74" hits="22"/><line number="75" hits="4"/><line number="81" hits="22"/><line number="83" hits="16"/><line number="84" hits="3"/><line number="91" hits="16"/><line number="103" hits="6"/><line number="104" hits="1"/><line number="118" hits="6"/><line number="125" hits="6"/><line number="126" hits="1"/><line number="131" hits="16"/><line number="138" hits="16"/><line number="139" hits="3"/><line number="143" hits="16"/><line number="144" hits="0"/><line number="148" hits="0"/><line number="155" hits="0"/><line number="156" hits="0"/><line number="161" hits="0"/><line number="162" hits="0"/></lines></class></classes></package><package name="twmq/benches" line-rate="0" branch-rate="0" complexity="0"><classes></classes></package><package name="executors/src" line-rate="0" branch-rate="0" complexity="0"><classes></classes></package></packages></coverage>